#
# There is insufficient memory for the Java Runtime Environment to continue.
# Native memory allocation (malloc) failed to allocate 1048576 bytes for AllocateHeap
# Possible reasons:
#   The system is out of physical RAM or swap space
#   The process is running with CompressedOops enabled, and the Java Heap may be blocking the growth of the native heap
# Possible solutions:
#   Reduce memory load on the system
#   Increase physical memory or swap space
#   Check if swap backing store is full
#   Decrease Java heap size (-Xmx/-Xms)
#   Decrease number of Java threads
#   Decrease Java thread stack sizes (-Xss)
#   Set larger code cache with -XX:ReservedCodeCacheSize=
#   JVM is running with Unscaled Compressed Oops mode in which the Java heap is
#     placed in the first 4GB address space. The Java Heap base address is the
#     maximum limit for the native heap growth. Please use -XX:HeapBaseMinAddress
#     to set the Java Heap base and to place the Java Heap above 4GB virtual address.
# This output file may be truncated or incomplete.
#
#  Out of Memory Error (allocation.cpp:44), pid=20676, tid=8396
#
# JRE version:  (17.0.8.1+1) (build )
# Java VM: OpenJDK 64-Bit Server VM (17.0.8.1+1, mixed mode, tiered, compressed oops, compressed class ptrs, parallel gc, windows-amd64)
# No core dump will be written. Minidumps are not enabled by default on client versions of Windows
#

---------------  S U M M A R Y ------------

Command Line: --add-modules=ALL-SYSTEM --add-opens=java.base/java.util=ALL-UNNAMED --add-opens=java.base/java.lang=ALL-UNNAMED --add-opens=java.base/sun.nio.fs=ALL-UNNAMED -Declipse.application=org.eclipse.jdt.ls.core.id1 -Dosgi.bundles.defaultStartLevel=4 -Declipse.product=org.eclipse.jdt.ls.core.product -Djava.import.generatesMetadataFilesAtProjectRoot=false -DDetectVMInstallationsJob.disabled=true -Dfile.encoding=utf8 -XX:+UseParallelGC -XX:GCTimeRatio=4 -XX:AdaptiveSizePolicyWeight=90 -Dsun.zip.disableMemoryMapping=true -Xmx1G -Xms100m -Xlog:disable -javaagent:c:\Users\jaybh\.vscode\extensions\redhat.java-1.23.0-win32-x64\lombok\lombok-1.18.30.jar -XX:+HeapDumpOnOutOfMemoryError -XX:HeapDumpPath=c:\Users\jaybh\AppData\Roaming\Code\User\workspaceStorage\5485a7fff4aaa21312249952dc274cd1\redhat.java -Daether.dependencyCollector.impl=bf c:\Users\jaybh\.vscode\extensions\redhat.java-1.23.0-win32-x64\server\plugins\org.eclipse.equinox.launcher_1.6.500.v20230717-2134.jar -configuration c:\Users\jaybh\AppData\Roaming\Code\User\globalStorage\redhat.java\1.23.0\config_win -data c:\Users\jaybh\AppData\Roaming\Code\User\workspaceStorage\5485a7fff4aaa21312249952dc274cd1\redhat.java\jdt_ws

Host: AMD Ryzen 5 5500U with Radeon Graphics         , 6 cores, 7G,  Windows 11 , 64 bit Build 22621 (10.0.22621.2361)
Time: Thu Oct  5 20:10:43 2023 India Standard Time elapsed time: 0.039214 seconds (0d 0h 0m 0s)

---------------  T H R E A D  ---------------

Current thread (0x0000027cd7a57660):  JavaThread "Unknown thread" [_thread_in_vm, id=8396, stack(0x000000a034f00000,0x000000a035000000)]

Stack: [0x000000a034f00000,0x000000a035000000]
Native frames: (J=compiled Java code, j=interpreted, Vv=VM code, C=native code)
V  [jvm.dll+0x678b0a]
V  [jvm.dll+0x835e84]
V  [jvm.dll+0x83762e]
V  [jvm.dll+0x837c93]
V  [jvm.dll+0x24746f]
V  [jvm.dll+0xa697b]
V  [jvm.dll+0x6ab47a]
V  [jvm.dll+0x6ac13f]
V  [jvm.dll+0x685233]
V  [jvm.dll+0x80864b]
V  [jvm.dll+0x36bba4]
V  [jvm.dll+0x7e733c]
V  [jvm.dll+0x3ee4af]
V  [jvm.dll+0x3f00c1]
C  [jli.dll+0x528b]
C  [ucrtbase.dll+0x29363]
C  [KERNEL32.DLL+0x1257d]
C  [ntdll.dll+0x5aa78]


---------------  P R O C E S S  ---------------

Threads class SMR info:
_java_thread_list=0x00007ff8e56ca018, length=0, elements={
}

Java Threads: ( => current thread )

Other Threads:
  0x0000027cd7a6b130 GCTaskThread "GC Thread#0" [stack: 0x000000a035000000,0x000000a035100000] [id=15844]

=>0x0000027cd7a57660 (exited) JavaThread "Unknown thread" [_thread_in_vm, id=8396, stack(0x000000a034f00000,0x000000a035000000)]

Threads with active compile tasks:

VM state: not at safepoint (normal execution)

VM Mutex/Monitor currently owned by a thread: None

Heap address: 0x00000000c0000000, size: 1024 MB, Compressed Oops mode: 32-bit

CDS archive(s) not mapped
Compressed class space mapped at: 0x0000000100000000-0x0000000140000000, reserved size: 1073741824
Narrow klass base: 0x0000000000000000, Narrow klass shift: 3, Narrow klass range: 0x140000000

GC Precious Log:
 CPUs: 6 total, 6 available
 Memory: 7514M
 Large Page Support: Disabled
 NUMA Support: Disabled
 Compressed Oops: Enabled (32-bit)
 Alignments: Space 512K, Generation 512K, Heap 2M
 Heap Min Capacity: 100M
 Heap Initial Capacity: 100M
 Heap Max Capacity: 1G
 Pre-touch: Disabled
 Parallel Workers: 6

Heap:
 PSYoungGen      total 29696K, used 512K [0x00000000eab00000, 0x00000000ecc00000, 0x0000000100000000)
  eden space 25600K, 2% used [0x00000000eab00000,0x00000000eab80070,0x00000000ec400000)
  from space 4096K, 0% used [0x00000000ec800000,0x00000000ec800000,0x00000000ecc00000)
  to   space 4096K, 0% used [0x00000000ec400000,0x00000000ec400000,0x00000000ec800000)
 ParOldGen       total 68608K, used 0K [0x00000000c0000000, 0x00000000c4300000, 0x00000000eab00000)
  object space 68608K, 0% used [0x00000000c0000000,0x00000000c0000000,0x00000000c4300000)
 Metaspace       used 1149K, committed 1216K, reserved 1114112K
  class space    used 101K, committed 128K, reserved 1048576K

Card table byte_map: [0x0000027cd73f0000,0x0000027cd7600000] _byte_map_base: 0x0000027cd6df0000

Marking Bits: (ParMarkBitMap*) 0x00007ff8e57383a0
 Begin Bits: [0x0000027ce96a0000, 0x0000027cea6a0000)
 End Bits:   [0x0000027cea6a0000, 0x0000027ceb6a0000)

Polling page: 0x0000027cd71e0000

Metaspace:

Usage:
  Non-class:      1.02 MB used.
      Class:    101.05 KB used.
       Both:      1.12 MB used.

Virtual space:
  Non-class space:       64.00 MB reserved,       1.06 MB (  2%) committed,  1 nodes.
      Class space:        1.00 GB reserved,     128.00 KB ( <1%) committed,  1 nodes.
             Both:        1.06 GB reserved,       1.19 MB ( <1%) committed. 

Chunk freelists:
   Non-Class:  12.00 MB
       Class:  15.75 MB
        Both:  27.75 MB

MaxMetaspaceSize: unlimited
CompressedClassSpaceSize: 1.00 GB
Initial GC threshold: 21.00 MB
Current GC threshold: 17179869184.00 GB
CDS: off
MetaspaceReclaimPolicy: balanced
 - commit_granule_bytes: 65536.
 - commit_granule_words: 8192.
 - virtual_space_node_default_size: 8388608.
 - enlarge_chunks_in_place: 1.
 - new_chunks_are_fully_committed: 0.
 - uncommit_free_chunks: 1.
 - use_allocation_guard: 0.
 - handle_deallocations: 1.


Internal statistics:

num_allocs_failed_limit: 0.
num_arena_births: 2.
num_arena_deaths: 0.
num_vsnodes_births: 2.
num_vsnodes_deaths: 0.
num_space_committed: 19.
num_space_uncommitted: 0.
num_chunks_returned_to_freelist: 0.
num_chunks_taken_from_freelist: 3.
num_chunk_merges: 0.
num_chunk_splits: 2.
num_chunks_enlarged: 0.
num_inconsistent_stats: 0.

CodeHeap 'non-profiled nmethods': size=120000Kb used=0Kb max_used=0Kb free=120000Kb
 bounds [0x0000027ce2170000, 0x0000027ce23e0000, 0x0000027ce96a0000]
CodeHeap 'profiled nmethods': size=120000Kb used=0Kb max_used=0Kb free=120000Kb
 bounds [0x0000027cda6a0000, 0x0000027cda910000, 0x0000027ce1bd0000]
CodeHeap 'non-nmethods': size=5760Kb used=202Kb max_used=353Kb free=5557Kb
 bounds [0x0000027ce1bd0000, 0x0000027ce1e40000, 0x0000027ce2170000]
 total_blobs=66 nmethods=0 adapters=47
 compilation: enabled
              stopped_count=0, restarted_count=0
 full_count=0

Compilation events (0 events):
No events

GC Heap History (0 events):
No events

Dll operation events (1 events):
Event: 0.014 Loaded shared library c:\Users\jaybh\.vscode\extensions\redhat.java-1.23.0-win32-x64\jre\17.0.8.1-win32-x86_64\bin\java.dll

Deoptimization events (0 events):
No events

Classes unloaded (0 events):
No events

Classes redefined (0 events):
No events

Internal exceptions (0 events):
No events

VM Operations (0 events):
No events

Events (20 events):
Event: 0.033 loading class java/lang/Long
Event: 0.033 loading class java/lang/Long done
Event: 0.033 loading class java/util/Iterator
Event: 0.033 loading class java/util/Iterator done
Event: 0.033 loading class java/lang/reflect/RecordComponent
Event: 0.033 loading class java/lang/reflect/RecordComponent done
Event: 0.033 loading class jdk/internal/vm/vector/VectorSupport
Event: 0.034 loading class jdk/internal/vm/vector/VectorSupport done
Event: 0.034 loading class jdk/internal/vm/vector/VectorSupport$VectorPayload
Event: 0.034 loading class jdk/internal/vm/vector/VectorSupport$VectorPayload done
Event: 0.034 loading class jdk/internal/vm/vector/VectorSupport$Vector
Event: 0.034 loading class jdk/internal/vm/vector/VectorSupport$Vector done
Event: 0.034 loading class jdk/internal/vm/vector/VectorSupport$VectorMask
Event: 0.034 loading class jdk/internal/vm/vector/VectorSupport$VectorMask done
Event: 0.034 loading class jdk/internal/vm/vector/VectorSupport$VectorShuffle
Event: 0.034 loading class jdk/internal/vm/vector/VectorSupport$VectorShuffle done
Event: 0.035 loading class java/lang/NullPointerException
Event: 0.035 loading class java/lang/NullPointerException done
Event: 0.035 loading class java/lang/ArithmeticException
Event: 0.035 loading class java/lang/ArithmeticException done


Dynamic libraries:
0x00007ff67cf60000 - 0x00007ff67cf6e000 	c:\Users\jaybh\.vscode\extensions\redhat.java-1.23.0-win32-x64\jre\17.0.8.1-win32-x86_64\bin\java.exe
0x00007ff94ac30000 - 0x00007ff94ae47000 	C:\WINDOWS\SYSTEM32\ntdll.dll
0x00007ff9490c0000 - 0x00007ff949184000 	C:\WINDOWS\System32\KERNEL32.DLL
0x00007ff9482d0000 - 0x00007ff948676000 	C:\WINDOWS\System32\KERNELBASE.dll
0x0000000068220000 - 0x0000000068551000 	C:\Program Files\Norton Security\NortonData\22.22.9.11\Definitions\IPSDefs\20230316.061\IPSEng64.dll
0x00007ff949420000 - 0x00007ff9494d0000 	C:\WINDOWS\System32\ADVAPI32.dll
0x00007ff949890000 - 0x00007ff949937000 	C:\WINDOWS\System32\msvcrt.dll
0x00007ff949010000 - 0x00007ff9490b6000 	C:\WINDOWS\System32\sechost.dll
0x00007ff9492a0000 - 0x00007ff9493b7000 	C:\WINDOWS\System32\RPCRT4.dll
0x00007ff949290000 - 0x00007ff949298000 	C:\WINDOWS\System32\PSAPI.DLL
0x00007ff948870000 - 0x00007ff948981000 	C:\WINDOWS\System32\ucrtbase.dll
0x00007ff937e80000 - 0x00007ff937e97000 	c:\Users\jaybh\.vscode\extensions\redhat.java-1.23.0-win32-x64\jre\17.0.8.1-win32-x86_64\bin\jli.dll
0x00007ff937e60000 - 0x00007ff937e79000 	c:\Users\jaybh\.vscode\extensions\redhat.java-1.23.0-win32-x64\jre\17.0.8.1-win32-x86_64\bin\VCRUNTIME140.dll
0x00007ff949f90000 - 0x00007ff94a13e000 	C:\WINDOWS\System32\USER32.dll
0x00007ff948190000 - 0x00007ff9481b6000 	C:\WINDOWS\System32\win32u.dll
0x00007ff926a80000 - 0x00007ff926d13000 	C:\WINDOWS\WinSxS\amd64_microsoft.windows.common-controls_6595b64144ccf1df_6.0.22621.2361_none_2712ced57382f843\COMCTL32.dll
0x00007ff94aa90000 - 0x00007ff94aab9000 	C:\WINDOWS\System32\GDI32.dll
0x00007ff948070000 - 0x00007ff948188000 	C:\WINDOWS\System32\gdi32full.dll
0x00007ff948230000 - 0x00007ff9482ca000 	C:\WINDOWS\System32\msvcp_win.dll
0x00007ff9496a0000 - 0x00007ff9496d1000 	C:\WINDOWS\System32\IMM32.DLL
0x00007ff93f170000 - 0x00007ff93f17c000 	c:\Users\jaybh\.vscode\extensions\redhat.java-1.23.0-win32-x64\jre\17.0.8.1-win32-x86_64\bin\vcruntime140_1.dll
0x00007ff930f10000 - 0x00007ff930fa1000 	c:\Users\jaybh\.vscode\extensions\redhat.java-1.23.0-win32-x64\jre\17.0.8.1-win32-x86_64\bin\msvcp140.dll
0x00007ff8e4bb0000 - 0x00007ff8e57fc000 	c:\Users\jaybh\.vscode\extensions\redhat.java-1.23.0-win32-x64\jre\17.0.8.1-win32-x86_64\bin\server\jvm.dll
0x00007ff947cd0000 - 0x00007ff947d1d000 	C:\WINDOWS\SYSTEM32\POWRPROF.dll
0x00007ff93f0e0000 - 0x00007ff93f114000 	C:\WINDOWS\SYSTEM32\WINMM.dll
0x00007ff93f150000 - 0x00007ff93f159000 	C:\WINDOWS\SYSTEM32\WSOCK32.dll
0x00007ff949620000 - 0x00007ff949691000 	C:\WINDOWS\System32\WS2_32.dll
0x00007ff940470000 - 0x00007ff94047a000 	C:\WINDOWS\SYSTEM32\VERSION.dll
0x00007ff947cb0000 - 0x00007ff947cc3000 	C:\WINDOWS\SYSTEM32\UMPDC.dll
0x00007ff946ff0000 - 0x00007ff947008000 	C:\WINDOWS\SYSTEM32\kernel.appcore.dll
0x00007ff93f020000 - 0x00007ff93f02a000 	c:\Users\jaybh\.vscode\extensions\redhat.java-1.23.0-win32-x64\jre\17.0.8.1-win32-x86_64\bin\jimage.dll
0x00007ff93b9e0000 - 0x00007ff93bc0e000 	C:\WINDOWS\SYSTEM32\DBGHELP.DLL
0x00007ff948990000 - 0x00007ff948d1a000 	C:\WINDOWS\System32\combase.dll
0x00007ff94aac0000 - 0x00007ff94ab97000 	C:\WINDOWS\System32\OLEAUT32.dll
0x00007ff92b830000 - 0x00007ff92b862000 	C:\WINDOWS\SYSTEM32\dbgcore.DLL
0x00007ff9487f0000 - 0x00007ff94886a000 	C:\WINDOWS\System32\bcryptPrimitives.dll
0x00007ff93e7e0000 - 0x00007ff93e7ee000 	c:\Users\jaybh\.vscode\extensions\redhat.java-1.23.0-win32-x64\jre\17.0.8.1-win32-x86_64\bin\instrument.dll
0x00007ff934b60000 - 0x00007ff934b85000 	c:\Users\jaybh\.vscode\extensions\redhat.java-1.23.0-win32-x64\jre\17.0.8.1-win32-x86_64\bin\java.dll
0x00007ff936630000 - 0x00007ff936648000 	c:\Users\jaybh\.vscode\extensions\redhat.java-1.23.0-win32-x64\jre\17.0.8.1-win32-x86_64\bin\zip.dll

dbghelp: loaded successfully - version: 4.0.5 - missing functions: none
symbol engine: initialized successfully - sym options: 0x614 - pdb path: .;c:\Users\jaybh\.vscode\extensions\redhat.java-1.23.0-win32-x64\jre\17.0.8.1-win32-x86_64\bin;C:\WINDOWS\SYSTEM32;C:\Program Files\Norton Security\NortonData\22.22.9.11\Definitions\IPSDefs\20230316.061;C:\WINDOWS\WinSxS\amd64_microsoft.windows.common-controls_6595b64144ccf1df_6.0.22621.2361_none_2712ced57382f843;c:\Users\jaybh\.vscode\extensions\redhat.java-1.23.0-win32-x64\jre\17.0.8.1-win32-x86_64\bin\server

VM Arguments:
jvm_args: --add-modules=ALL-SYSTEM --add-opens=java.base/java.util=ALL-UNNAMED --add-opens=java.base/java.lang=ALL-UNNAMED --add-opens=java.base/sun.nio.fs=ALL-UNNAMED -Declipse.application=org.eclipse.jdt.ls.core.id1 -Dosgi.bundles.defaultStartLevel=4 -Declipse.product=org.eclipse.jdt.ls.core.product -Djava.import.generatesMetadataFilesAtProjectRoot=false -DDetectVMInstallationsJob.disabled=true -Dfile.encoding=utf8 -XX:+UseParallelGC -XX:GCTimeRatio=4 -XX:AdaptiveSizePolicyWeight=90 -Dsun.zip.disableMemoryMapping=true -Xmx1G -Xms100m -Xlog:disable -javaagent:c:\Users\jaybh\.vscode\extensions\redhat.java-1.23.0-win32-x64\lombok\lombok-1.18.30.jar -XX:+HeapDumpOnOutOfMemoryError -XX:HeapDumpPath=c:\Users\jaybh\AppData\Roaming\Code\User\workspaceStorage\5485a7fff4aaa21312249952dc274cd1\redhat.java -Daether.dependencyCollector.impl=bf 
java_command: c:\Users\jaybh\.vscode\extensions\redhat.java-1.23.0-win32-x64\server\plugins\org.eclipse.equinox.launcher_1.6.500.v20230717-2134.jar -configuration c:\Users\jaybh\AppData\Roaming\Code\User\globalStorage\redhat.java\1.23.0\config_win -data c:\Users\jaybh\AppData\Roaming\Code\User\workspaceStorage\5485a7fff4aaa21312249952dc274cd1\redhat.java\jdt_ws
java_class_path (initial): c:\Users\jaybh\.vscode\extensions\redhat.java-1.23.0-win32-x64\server\plugins\org.eclipse.equinox.launcher_1.6.500.v20230717-2134.jar
Launcher Type: SUN_STANDARD

[Global flags]
    uintx AdaptiveSizePolicyWeight                 = 90                                        {product} {command line}
     intx CICompilerCount                          = 3                                         {product} {ergonomic}
    uintx GCTimeRatio                              = 4                                         {product} {command line}
     bool HeapDumpOnOutOfMemoryError               = true                                   {manageable} {command line}
    ccstr HeapDumpPath                             = c:\Users\jaybh\AppData\Roaming\Code\User\workspaceStorage\5485a7fff4aaa21312249952dc274cd1\redhat.java         {manageable} {command line}
   size_t InitialHeapSize                          = 104857600                                 {product} {command line}
   size_t MaxHeapSize                              = 1073741824                                {product} {command line}
   size_t MaxNewSize                               = 357564416                                 {product} {ergonomic}
   size_t MinHeapDeltaBytes                        = 524288                                    {product} {ergonomic}
   size_t MinHeapSize                              = 104857600                                 {product} {command line}
   size_t NewSize                                  = 34603008                                  {product} {ergonomic}
    uintx NonNMethodCodeHeapSize                   = 5832780                                {pd product} {ergonomic}
    uintx NonProfiledCodeHeapSize                  = 122912730                              {pd product} {ergonomic}
   size_t OldSize                                  = 70254592                                  {product} {ergonomic}
    uintx ProfiledCodeHeapSize                     = 122912730                              {pd product} {ergonomic}
    uintx ReservedCodeCacheSize                    = 251658240                              {pd product} {ergonomic}
     bool SegmentedCodeCache                       = true                                      {product} {ergonomic}
   size_t SoftMaxHeapSize                          = 1073741824                             {manageable} {ergonomic}
     bool UseCompressedClassPointers               = true                           {product lp64_product} {ergonomic}
     bool UseCompressedOops                        = true                           {product lp64_product} {ergonomic}
     bool UseLargePagesIndividualAllocation        = false                                  {pd product} {ergonomic}
     bool UseParallelGC                            = true                                      {product} {command line}

Logging:
Log output configuration:
 #0: stdout all=off uptime,level,tags
 #1: stderr all=off uptime,level,tags

Environment Variables:
PATH=C:\Program Files\Common Files\Oracle\Java\javapath;C:\Program Files (x86)\Common Files\Oracle\Java\javapath;C:\Windows\system32;C:\Windows;C:\Windows\System32\Wbem;C:\Windows\System32\WindowsPowerShell\v1.0\;C:\Windows\System32\OpenSSH\;C:\Program Files (x86)\NVIDIA Corporation\PhysX\Common;C:\Program Files\NVIDIA Corporation\NVIDIA NvDLISR;C:\WINDOWS\system32;C:\WINDOWS;C:\WINDOWS\System32\Wbem;C:\WINDOWS\System32\WindowsPowerShell\v1.0\;C:\WINDOWS\System32\OpenSSH\;C:\MinGW\bin;C:\Program Files\MySQL\MySQL Server 8.0\bin;C:\Program Files\dotnet\;C:\Program Files\Git\cmd;C:\Users\jaybh\AppData\Local\Programs\Python\Python311\Scripts\;C:\Users\jaybh\AppData\Local\Programs\Python\Python311\;C:\Program Files\MySQL\MySQL Shell 8.0\bin\;C:\Users\jaybh\AppData\Local\Microsoft\WindowsApps;C:\Users\jaybh\AppData\Local\Programs\Microsoft VS Code\bin;C:\MinGW\bin;C:\Program Files\JetBrains\IntelliJ IDEA Community Edition 2023.1\bin;;C:\Users\jaybh\AppData\Local\GitHubDesktop\bin;C:\Program Files\JetBrains\PyCharm Community Edition 2023.2.1\bin;
USERNAME=jaybh
OS=Windows_NT
PROCESSOR_IDENTIFIER=AMD64 Family 23 Model 104 Stepping 1, AuthenticAMD
TMP=C:\Users\jaybh\AppData\Local\Temp
TEMP=C:\Users\jaybh\AppData\Local\Temp



---------------  S Y S T E M  ---------------

OS:
 Windows 11 , 64 bit Build 22621 (10.0.22621.2361)
OS uptime: 2 days 0:27 hours

CPU: total 6 (initial active 6) (12 cores per cpu, 2 threads per core) family 23 model 104 stepping 1 microcode 0x0, cx8, cmov, fxsr, ht, mmx, 3dnowpref, sse, sse2, sse3, ssse3, sse4a, sse4.1, sse4.2, popcnt, lzcnt, tsc, tscinvbit, avx, avx2, aes, clmul, bmi1, bmi2, adx, sha, fma, vzeroupper, clflush, clflushopt
Processor Information for processor 0
  Max Mhz: 2100, Current Mhz: 2100, Mhz Limit: 2100
Processor Information for processor 1
  Max Mhz: 2100, Current Mhz: 2100, Mhz Limit: 2100
Processor Information for processor 2
  Max Mhz: 2100, Current Mhz: 2100, Mhz Limit: 2100
Processor Information for processor 3
  Max Mhz: 2100, Current Mhz: 1988, Mhz Limit: 2100
Processor Information for processor 4
  Max Mhz: 2100, Current Mhz: 2100, Mhz Limit: 2100
Processor Information for processor 5
  Max Mhz: 2100, Current Mhz: 1988, Mhz Limit: 2100

Memory: 4k page, system-wide physical 7514M (1175M free)
TotalPageFile size 12314M (AvailPageFile size 3M)
current process WorkingSet (physical memory assigned to process): 17M, peak: 17M
current process commit charge ("private bytes"): 155M, peak: 156M

vm_info: OpenJDK 64-Bit Server VM (17.0.8.1+1) for windows-amd64 JRE (17.0.8.1+1), built on Aug 23 2023 15:29:17 by "admin" with MS VC++ 16.7 (VS2019)

END.
